<?xml version="1.0" encoding="UTF-8"?>
<testsuite name="hello.jdbc.connection.DBConnectionUtilTest" tests="1" skipped="0" failures="0" errors="0" timestamp="2023-10-05T12:11:32" hostname="DESKTOP-3AB1P1R" time="0.09">
  <properties/>
  <testcase name="connection()" classname="hello.jdbc.connection.DBConnectionUtilTest" time="0.09"/>
  <system-out><![CDATA[]]></system-out>
  <system-err><![CDATA[]]></system-err>
</testsuite>
